<?xml version="1.0" encoding="UTF-8"?>
<!-- Generated by org.testng.reporters.JUnitReportReporter -->
<testsuite hostname="DESKTOP-HSBRBKJ" failures="0" tests="1" name="Practice.FileUpload" time="15.294" errors="1" timestamp="2021-04-13T12:57:28 IST" skipped="0">
  <testcase classname="Practice.FileUpload" name="uploadFile" time="15.294">
    <error message="Cannot run program &quot;.//AutoItScripts//fileupload.exe&quot;: CreateProcess error=225, Operation did not complete successfully because the file contains a virus or potentially unwanted software" type="java.io.IOException">
      <![CDATA[java.io.IOException: Cannot run program ".//AutoItScripts//fileupload.exe": CreateProcess error=225, Operation did not complete successfully because the file contains a virus or potentially unwanted software
at java.base/java.lang.ProcessBuilder.start(ProcessBuilder.java:1128)
at java.base/java.lang.ProcessBuilder.start(ProcessBuilder.java:1071)
at java.base/java.lang.Runtime.exec(Runtime.java:589)
at java.base/java.lang.Runtime.exec(Runtime.java:413)
at java.base/java.lang.Runtime.exec(Runtime.java:310)
at Practice.FileUpload.uploadFile(FileUpload.java:23)
at java.base/jdk.internal.reflect.NativeMethodAccessorImpl.invoke0(Native Method)
at java.base/jdk.internal.reflect.NativeMethodAccessorImpl.invoke(NativeMethodAccessorImpl.java:62)
at java.base/jdk.internal.reflect.DelegatingMethodAccessorImpl.invoke(DelegatingMethodAccessorImpl.java:43)
at java.base/java.lang.reflect.Method.invoke(Method.java:567)
at org.testng.internal.MethodInvocationHelper.invokeMethod(MethodInvocationHelper.java:132)
at org.testng.internal.TestInvoker.invokeMethod(TestInvoker.java:599)
at org.testng.internal.TestInvoker.invokeTestMethod(TestInvoker.java:174)
at org.testng.internal.MethodRunner.runInSequence(MethodRunner.java:46)
at org.testng.internal.TestInvoker$MethodInvocationAgent.invoke(TestInvoker.java:822)
at org.testng.internal.TestInvoker.invokeTestMethods(TestInvoker.java:147)
at org.testng.internal.TestMethodWorker.invokeTestMethods(TestMethodWorker.java:146)
at org.testng.internal.TestMethodWorker.run(TestMethodWorker.java:128)
at java.base/java.util.ArrayList.forEach(ArrayList.java:1540)
at org.testng.TestRunner.privateRun(TestRunner.java:764)
at org.testng.TestRunner.run(TestRunner.java:585)
at org.testng.SuiteRunner.runTest(SuiteRunner.java:384)
at org.testng.SuiteRunner.runSequentially(SuiteRunner.java:378)
at org.testng.SuiteRunner.privateRun(SuiteRunner.java:337)
at org.testng.SuiteRunner.run(SuiteRunner.java:286)
at org.testng.SuiteRunnerWorker.runSuite(SuiteRunnerWorker.java:53)
at org.testng.SuiteRunnerWorker.run(SuiteRunnerWorker.java:96)
at org.testng.TestNG.runSuitesSequentially(TestNG.java:1218)
at org.testng.TestNG.runSuitesLocally(TestNG.java:1140)
at org.testng.TestNG.runSuites(TestNG.java:1069)
at org.testng.TestNG.run(TestNG.java:1037)
at org.testng.remote.AbstractRemoteTestNG.run(AbstractRemoteTestNG.java:115)
at org.testng.remote.RemoteTestNG.initAndRun(RemoteTestNG.java:251)
at org.testng.remote.RemoteTestNG.main(RemoteTestNG.java:77)
Caused by: java.io.IOException: CreateProcess error=225, Operation did not complete successfully because the file contains a virus or potentially unwanted software
at java.base/java.lang.ProcessImpl.create(Native Method)
at java.base/java.lang.ProcessImpl.<init>(ProcessImpl.java:420)
at java.base/java.lang.ProcessImpl.start(ProcessImpl.java:151)
at java.base/java.lang.ProcessBuilder.start(ProcessBuilder.java:1107)
... 33 more
]]>
    </error>
  </testcase> <!-- uploadFile -->
  <system-out/>
</testsuite> <!-- Practice.FileUpload -->
