<?xml version="1.0" encoding="UTF-8"?>
<!-- Generated by org.testng.reporters.JUnitReportReporter -->
<testsuite hostname="DESKTOP-HSBRBKJ" failures="0" tests="3" name="Practice.PracticeStream" time="0.049" errors="0" timestamp="2021-04-12T16:08:44 IST" skipped="0">
  <testcase classname="Practice.PracticeStream" name="streamCollect" time="0.003"/>
  <system-out/>
  <testcase classname="Practice.PracticeStream" name="assiInterger" time="0.017"/>
  <system-out/>
  <testcase classname="Practice.PracticeStream" name="testTwo" time="0.029"/>
  <system-out/>
</testsuite> <!-- Practice.PracticeStream -->
