<?xml version="1.0" encoding="UTF-8"?>
<!-- Generated by org.testng.reporters.JUnitReportReporter -->
<testsuite hostname="DESKTOP-HSBRBKJ" failures="0" tests="1" name="Practice.WindowAuthentication" time="7.468" errors="0" timestamp="2021-04-12T21:04:25 IST" skipped="0">
  <testcase classname="Practice.WindowAuthentication" name="windowAuthPopUp" time="7.468"/>
  <system-out/>
</testsuite> <!-- Practice.WindowAuthentication -->
