<?xml version="1.0" encoding="UTF-8"?>
<!-- Generated by org.testng.reporters.JUnitReportReporter -->
<testsuite hostname="DESKTOP-HSBRBKJ" failures="0" tests="2" name="Practice.ApiTest" time="0.001" errors="0" timestamp="2021-03-31T22:36:00 IST" skipped="0">
  <testcase classname="Practice.ApiTest" name="getHTTP" time="0.000"/>
  <system-out/>
  <testcase classname="Practice.ApiTest" name="setPath" time="0.001"/>
  <system-out/>
</testsuite> <!-- Practice.ApiTest -->
