<?xml version="1.0" encoding="UTF-8"?>
<!-- Generated by org.testng.reporters.JUnitReportReporter -->
<testsuite hostname="DESKTOP-HSBRBKJ" failures="0" tests="2" name="Practice.SeleniumTest" time="0.005" errors="0" timestamp="2021-03-31T22:36:00 IST" skipped="0">
  <testcase classname="Practice.SeleniumTest" name="launchBrowser" time="0.000"/>
  <system-out/>
  <testcase classname="Practice.SeleniumTest" name="UItest" time="0.005"/>
  <system-out/>
</testsuite> <!-- Practice.SeleniumTest -->
