<?xml version="1.0" encoding="UTF-8"?>
<!-- Generated by org.testng.reporters.JUnitReportReporter -->
<testsuite hostname="DESKTOP-HSBRBKJ" failures="0" tests="2" name="Practice.AppTest" time="0.001" errors="0" timestamp="2021-03-31T22:33:17 IST" skipped="0">
  <testcase classname="Practice.AppTest" name="responsiveTest" time="0.001"/>
  <system-out/>
  <testcase classname="Practice.AppTest" name="launchApp" time="0.000"/>
  <system-out/>
</testsuite> <!-- Practice.AppTest -->
